;  LST file generated by mikroListExporter - v.2.0 
; Date/Time: 07/10/2022 17:40:22
;----------------------------------------------

;Address Opcode 	ASM
0x0000	0x28F5      	GOTO       245
_interrupt:
0x0004	0x00FF      	MOVWF      R15
0x0005	0x0E03      	SWAPF      STATUS, 0
0x0006	0x0183      	CLRF       STATUS
0x0007	0x00BC      	MOVWF      ___saveSTATUS
0x0008	0x080A      	MOVF       PCLATH, 0
0x0009	0x00BD      	MOVWF      ___savePCLATH
0x000A	0x018A      	CLRF       PCLATH
0x000B	0x0870      	MOVF       R0, 0
0x000C	0x00A0      	MOVWF      32
0x000D	0x0804      	MOVF       FSR, 0
0x000E	0x00A1      	MOVWF      33
;GSM_MAIN.c,50 :: 		void interrupt (){
;GSM_MAIN.c,53 :: 		dato = uart1_read();
0x000F	0x209E      	CALL       _UART1_Read
0x0010	0x0870      	MOVF       R0, 0
0x0011	0x00A3      	MOVWF      _dato
;GSM_MAIN.c,54 :: 		if (dato == '@'){flag_inicio = 1;}
0x0012	0x0870      	MOVF       R0, 0
0x0013	0x3A40      	XORLW      64
0x0014	0x1D03      	BTFSS      STATUS, 2
0x0015	0x2818      	GOTO       L_interrupt0
0x0016	0x3001      	MOVLW      1
0x0017	0x00A2      	MOVWF      _flag_inicio
L_interrupt0:
;GSM_MAIN.c,55 :: 		if ( contador_de_caracteres < lengt_buffer && flag_inicio == 1 ){
0x0018	0x3014      	MOVLW      20
0x0019	0x023A      	SUBWF      _contador_de_caracteres, 0
0x001A	0x1803      	BTFSC      STATUS, 0
0x001B	0x2828      	GOTO       L_interrupt3
0x001C	0x0822      	MOVF       _flag_inicio, 0
0x001D	0x3A01      	XORLW      1
0x001E	0x1D03      	BTFSS      STATUS, 2
0x001F	0x2828      	GOTO       L_interrupt3
L__interrupt6:
;GSM_MAIN.c,57 :: 		rb5_bit = 1;
0x0020	0x1686      	BSF        RB5_bit, BitPos(RB5_bit+0)
;GSM_MAIN.c,58 :: 		RCIF_BIT = 0;
0x0021	0x128C      	BCF        RCIF_bit, BitPos(RCIF_bit+0)
;GSM_MAIN.c,59 :: 		buffer_uart[contador_de_caracteres] = dato ;
0x0022	0x083A      	MOVF       _contador_de_caracteres, 0
0x0023	0x3E26      	ADDLW      _buffer_uart
0x0024	0x0084      	MOVWF      FSR
0x0025	0x0823      	MOVF       _dato, 0
0x0026	0x0080      	MOVWF      INDF
;GSM_MAIN.c,60 :: 		contador_de_caracteres ++;
0x0027	0x0ABA      	INCF       _contador_de_caracteres, 1
;GSM_MAIN.c,64 :: 		}
L_interrupt3:
;GSM_MAIN.c,65 :: 		if (contador_de_caracteres >= lengt_buffer) {
0x0028	0x3014      	MOVLW      20
0x0029	0x023A      	SUBWF      _contador_de_caracteres, 0
0x002A	0x1C03      	BTFSS      STATUS, 0
0x002B	0x2851      	GOTO       L_interrupt4
;GSM_MAIN.c,66 :: 		rb5_bit= 0 ;
0x002C	0x1286      	BCF        RB5_bit, BitPos(RB5_bit+0)
;GSM_MAIN.c,67 :: 		RCIF_BIT = 0;
0x002D	0x128C      	BCF        RCIF_bit, BitPos(RCIF_bit+0)
;GSM_MAIN.c,68 :: 		contador_de_caracteres = 0;
0x002E	0x01BA      	CLRF       _contador_de_caracteres
;GSM_MAIN.c,69 :: 		indice = memchr (buffer_uart,'@',lengt_buffer);
0x002F	0x3026      	MOVLW      _buffer_uart
0x0030	0x00BE      	MOVWF      FARG_memchr_p
0x0031	0x3040      	MOVLW      64
0x0032	0x00BF      	MOVWF      FARG_memchr_n
0x0033	0x3014      	MOVLW      20
0x0034	0x00C0      	MOVWF      FARG_memchr_v
0x0035	0x3000      	MOVLW      0
0x0036	0x00C1      	MOVWF      FARG_memchr_v+1
0x0037	0x20A9      	CALL       _memchr
0x0038	0x0870      	MOVF       R0, 0
0x0039	0x00BB      	MOVWF      _indice
;GSM_MAIN.c,70 :: 		delay_ms(100);
0x003A	0x3082      	MOVLW      130
0x003B	0x00FC      	MOVWF      R12
0x003C	0x30DD      	MOVLW      221
0x003D	0x00FD      	MOVWF      R13
L_interrupt5:
0x003E	0x0BFD      	DECFSZ     R13, 1
0x003F	0x283E      	GOTO       L_interrupt5
0x0040	0x0BFC      	DECFSZ     R12, 1
0x0041	0x283E      	GOTO       L_interrupt5
0x0042	0x0000      	NOP
0x0043	0x0000      	NOP
;GSM_MAIN.c,71 :: 		uart1_write_text(indice);
0x0044	0x083B      	MOVF       _indice, 0
0x0045	0x00BE      	MOVWF      FARG_UART1_Write_Text_uart_text
0x0046	0x20C6      	CALL       _UART1_Write_Text
;GSM_MAIN.c,72 :: 		memset (buffer_uart,'x',lengt_buffer);
0x0047	0x3026      	MOVLW      _buffer_uart
0x0048	0x00BE      	MOVWF      FARG_memset_p1
0x0049	0x3078      	MOVLW      120
0x004A	0x00BF      	MOVWF      FARG_memset_character
0x004B	0x3014      	MOVLW      20
0x004C	0x00C0      	MOVWF      FARG_memset_n
0x004D	0x3000      	MOVLW      0
0x004E	0x00C1      	MOVWF      FARG_memset_n+1
0x004F	0x20DC      	CALL       _memset
;GSM_MAIN.c,73 :: 		flag_inicio = 0;
0x0050	0x01A2      	CLRF       _flag_inicio
;GSM_MAIN.c,75 :: 		}
L_interrupt4:
;GSM_MAIN.c,78 :: 		}
L_end_interrupt:
L__interrupt13:
0x0051	0x0820      	MOVF       32, 0
0x0052	0x00F0      	MOVWF      R0
0x0053	0x0821      	MOVF       33, 0
0x0054	0x0084      	MOVWF      FSR
0x0055	0x083D      	MOVF       ___savePCLATH, 0
0x0056	0x008A      	MOVWF      PCLATH
0x0057	0x0E3C      	SWAPF      ___saveSTATUS, 0
0x0058	0x0083      	MOVWF      STATUS
0x0059	0x0EFF      	SWAPF      R15, 1
0x005A	0x0E7F      	SWAPF      R15, 0
0x005B	0x0009      	RETFIE
; end of _interrupt
_UART1_Write:
;__Lib_UART_b21.c,37 :: 		
;__Lib_UART_b21.c,38 :: 		
L_UART1_Write3:
0x005C	0x1683      	BSF        STATUS, 5
0x005D	0x1303      	BCF        STATUS, 6
0x005E	0x1898      	BTFSC      TXSTA, 1
0x005F	0x2862      	GOTO       L_UART1_Write4
;__Lib_UART_b21.c,39 :: 		
0x0060	0x0000      	NOP
0x0061	0x285C      	GOTO       L_UART1_Write3
L_UART1_Write4:
;__Lib_UART_b21.c,40 :: 		
0x0062	0x1283      	BCF        STATUS, 5
0x0063	0x0842      	MOVF       FARG_UART1_Write_data_, 0
0x0064	0x0099      	MOVWF      TXREG
;__Lib_UART_b21.c,41 :: 		
L_end_UART1_Write:
0x0065	0x0008      	RETURN
; end of _UART1_Write
_UART1_Init:
;__Lib_UART_b21.c,2 :: 		
;__Lib_UART_b21.c,5 :: 		
0x0066	0x1683      	BSF        STATUS, 5
0x0067	0x1303      	BCF        STATUS, 6
0x0068	0x1698      	BSF        TXSTA, 5
;__Lib_UART_b21.c,6 :: 		
0x0069	0x3090      	MOVLW      144
0x006A	0x1283      	BCF        STATUS, 5
0x006B	0x0098      	MOVWF      RCSTA
;__Lib_UART_b21.c,7 :: 		
0x006C	0x1683      	BSF        STATUS, 5
0x006D	0x1486      	BSF        TRISB1_bit, BitPos(TRISB1_bit+0)
;__Lib_UART_b21.c,8 :: 		
0x006E	0x1106      	BCF        TRISB2_bit, BitPos(TRISB2_bit+0)
;__Lib_UART_b21.c,9 :: 		
L_UART1_Init0:
0x006F	0x1283      	BCF        STATUS, 5
0x0070	0x1E8C      	BTFSS      PIR1, 5
0x0071	0x2875      	GOTO       L_UART1_Init1
;__Lib_UART_b21.c,10 :: 		
0x0072	0x081A      	MOVF       RCREG, 0
0x0073	0x00F0      	MOVWF      R0
0x0074	0x286F      	GOTO       L_UART1_Init0
L_UART1_Init1:
;__Lib_UART_b21.c,11 :: 		
L_end_UART1_Init:
0x0075	0x0008      	RETURN
; end of _UART1_Init
_____DoICP:
;__Lib_System.c,6 :: 		
;__Lib_System.c,9 :: 		
0x0076	0x1283      	BCF        STATUS, 5
0x0077	0x1303      	BCF        STATUS, 6
0x0078	0x0825      	MOVF       ___DoICPAddr+1, 0
0x0079	0x008A      	MOVWF      PCLATH
;__Lib_System.c,10 :: 		
0x007A	0x0824      	MOVF       ___DoICPAddr, 0
0x007B	0x0082      	MOVWF      PCL
;__Lib_System.c,12 :: 		
L_end_____DoICP:
0x007C	0x0008      	RETURN
; end of _____DoICP
_setup_28a:
;GSM_MAIN.c,7 :: 		void setup_28a(void){
;GSM_MAIN.c,9 :: 		CMcon =0x07;             // puertoa como entrada salida digital.... apago los comparadores;
0x007D	0x3007      	MOVLW      7
0x007E	0x1283      	BCF        STATUS, 5
0x007F	0x1303      	BCF        STATUS, 6
0x0080	0x009F      	MOVWF      CMCON
;GSM_MAIN.c,10 :: 		TRISB =0b00000010;
0x0081	0x3002      	MOVLW      2
0x0082	0x1683      	BSF        STATUS, 5
0x0083	0x0086      	MOVWF      TRISB
;GSM_MAIN.c,11 :: 		TRISA =0b00000000;
0x0084	0x0185      	CLRF       TRISA
;GSM_MAIN.c,12 :: 		PORTA =0X00;
0x0085	0x1283      	BCF        STATUS, 5
0x0086	0x0185      	CLRF       PORTA
;GSM_MAIN.c,13 :: 		PORTB = 0X00;
0x0087	0x0186      	CLRF       PORTB
;GSM_MAIN.c,16 :: 		uart1_init(9600);
0x0088	0x3019      	MOVLW      25
0x0089	0x1683      	BSF        STATUS, 5
0x008A	0x0099      	MOVWF      SPBRG
0x008B	0x1518      	BSF        TXSTA, 2
0x008C	0x2066      	CALL       _UART1_Init
;GSM_MAIN.c,17 :: 		GIE_BIT =1;  // HABILITO LAS INTERRUPCIONES GLOBALES
0x008D	0x178B      	BSF        GIE_bit, BitPos(GIE_bit+0)
;GSM_MAIN.c,18 :: 		PEIE_BIT =1;  // HABILITO LAS INTERRUPCIONES DE LOS PERIFERICOS
0x008E	0x170B      	BSF        PEIE_bit, BitPos(PEIE_bit+0)
;GSM_MAIN.c,19 :: 		RCIE_BIT =1;    // HABILITO LA INTERRUPCION DE "LLEGO UN DATO"
0x008F	0x1683      	BSF        STATUS, 5
0x0090	0x168C      	BSF        RCIE_bit, BitPos(RCIE_bit+0)
;GSM_MAIN.c,26 :: 		}
L_end_setup_28a:
0x0091	0x0008      	RETURN
; end of _setup_28a
___CC2DW:
;__Lib_System.c,134 :: 		
;__Lib_System.c,137 :: 		
_CC2D_Loop1:
;__Lib_System.c,139 :: 		
0x0092	0x2076      	CALL       _____DoICP
0x0093	0x118A      	BCF        PCLATH, 3
0x0094	0x120A      	BCF        PCLATH, 4
;__Lib_System.c,141 :: 		
0x0095	0x0080      	MOVWF      INDF
;__Lib_System.c,142 :: 		
0x0096	0x0A84      	INCF       FSR, 1
;__Lib_System.c,143 :: 		
0x0097	0x0AA4      	INCF       ___DoICPAddr, 1
;__Lib_System.c,145 :: 		
0x0098	0x1903      	BTFSC      STATUS, 2
;__Lib_System.c,146 :: 		
0x0099	0x0AA5      	INCF       ___DoICPAddr+1, 1
;__Lib_System.c,147 :: 		
0x009A	0x03F0      	DECF       R0, 1
;__Lib_System.c,149 :: 		
0x009B	0x1D03      	BTFSS      STATUS, 2
;__Lib_System.c,150 :: 		
0x009C	0x2892      	GOTO       _CC2D_Loop1
;__Lib_System.c,152 :: 		
L_end___CC2DW:
0x009D	0x0008      	RETURN
; end of ___CC2DW
_UART1_Read:
;__Lib_UART_b21.c,20 :: 		
;__Lib_UART_b21.c,23 :: 		
0x009E	0x1283      	BCF        STATUS, 5
0x009F	0x1303      	BCF        STATUS, 6
0x00A0	0x081A      	MOVF       RCREG, 0
0x00A1	0x00F1      	MOVWF      R1
;__Lib_UART_b21.c,24 :: 		
0x00A2	0x1C98      	BTFSS      RCSTA, 1
0x00A3	0x28A6      	GOTO       L_UART1_Read2
;__Lib_UART_b21.c,25 :: 		
0x00A4	0x1218      	BCF        RCSTA, 4
;__Lib_UART_b21.c,26 :: 		
0x00A5	0x1618      	BSF        RCSTA, 4
;__Lib_UART_b21.c,27 :: 		
L_UART1_Read2:
;__Lib_UART_b21.c,28 :: 		
0x00A6	0x0871      	MOVF       R1, 0
0x00A7	0x00F0      	MOVWF      R0
;__Lib_UART_b21.c,29 :: 		
L_end_UART1_Read:
0x00A8	0x0008      	RETURN
; end of _UART1_Read
_memchr:
;__Lib_CString.c,7 :: 		
;__Lib_CString.c,10 :: 		
0x00A9	0x1283      	BCF        STATUS, 5
0x00AA	0x1303      	BCF        STATUS, 6
0x00AB	0x083E      	MOVF       FARG_memchr_p, 0
0x00AC	0x00F2      	MOVWF      R2
;__Lib_CString.c,11 :: 		
L_memchr0:
0x00AD	0x0840      	MOVF       FARG_memchr_v, 0
0x00AE	0x00F0      	MOVWF      R0
0x00AF	0x0841      	MOVF       FARG_memchr_v+1, 0
0x00B0	0x00F1      	MOVWF      R0+1
0x00B1	0x3001      	MOVLW      1
0x00B2	0x02C0      	SUBWF      FARG_memchr_v, 1
0x00B3	0x1C03      	BTFSS      STATUS, 0
0x00B4	0x03C1      	DECF       FARG_memchr_v+1, 1
0x00B5	0x0870      	MOVF       R0, 0
0x00B6	0x0471      	IORWF      R0+1, 0
0x00B7	0x1903      	BTFSC      STATUS, 2
0x00B8	0x28C4      	GOTO       L_memchr1
;__Lib_CString.c,12 :: 		
0x00B9	0x0872      	MOVF       R2, 0
0x00BA	0x0084      	MOVWF      FSR
0x00BB	0x0800      	MOVF       INDF, 0
0x00BC	0x063F      	XORWF      FARG_memchr_n, 0
0x00BD	0x1D03      	BTFSS      STATUS, 2
0x00BE	0x28C2      	GOTO       L_memchr2
;__Lib_CString.c,13 :: 		
0x00BF	0x0872      	MOVF       R2, 0
0x00C0	0x00F0      	MOVWF      R0
0x00C1	0x28C5      	GOTO       L_end_memchr
L_memchr2:
;__Lib_CString.c,15 :: 		
0x00C2	0x0AF2      	INCF       R2, 1
0x00C3	0x28AD      	GOTO       L_memchr0
L_memchr1:
;__Lib_CString.c,17 :: 		
0x00C4	0x01F0      	CLRF       R0
;__Lib_CString.c,18 :: 		
L_end_memchr:
0x00C5	0x0008      	RETURN
; end of _memchr
_UART1_Write_Text:
;__Lib_UART_b21.c,44 :: 		
;__Lib_UART_b21.c,45 :: 		
0x00C6	0x1283      	BCF        STATUS, 5
0x00C7	0x1303      	BCF        STATUS, 6
0x00C8	0x01C0      	CLRF       UART1_Write_Text_counter_L0
;__Lib_UART_b21.c,47 :: 		
0x00C9	0x083E      	MOVF       FARG_UART1_Write_Text_uart_text, 0
0x00CA	0x0084      	MOVWF      FSR
0x00CB	0x0800      	MOVF       INDF, 0
0x00CC	0x00BF      	MOVWF      UART1_Write_Text_data__L0
;__Lib_UART_b21.c,48 :: 		
L_UART1_Write_Text5:
0x00CD	0x083F      	MOVF       UART1_Write_Text_data__L0, 0
0x00CE	0x3A00      	XORLW      0
0x00CF	0x1903      	BTFSC      STATUS, 2
0x00D0	0x28DB      	GOTO       L_UART1_Write_Text6
;__Lib_UART_b21.c,49 :: 		
0x00D1	0x083F      	MOVF       UART1_Write_Text_data__L0, 0
0x00D2	0x00C2      	MOVWF      FARG_UART1_Write_data_
0x00D3	0x205C      	CALL       _UART1_Write
;__Lib_UART_b21.c,50 :: 		
0x00D4	0x0AC0      	INCF       UART1_Write_Text_counter_L0, 1
;__Lib_UART_b21.c,51 :: 		
0x00D5	0x0840      	MOVF       UART1_Write_Text_counter_L0, 0
0x00D6	0x073E      	ADDWF      FARG_UART1_Write_Text_uart_text, 0
0x00D7	0x0084      	MOVWF      FSR
0x00D8	0x0800      	MOVF       INDF, 0
0x00D9	0x00BF      	MOVWF      UART1_Write_Text_data__L0
;__Lib_UART_b21.c,52 :: 		
0x00DA	0x28CD      	GOTO       L_UART1_Write_Text5
L_UART1_Write_Text6:
;__Lib_UART_b21.c,53 :: 		
L_end_UART1_Write_Text:
0x00DB	0x0008      	RETURN
; end of _UART1_Write_Text
_memset:
;__Lib_CString.c,77 :: 		
;__Lib_CString.c,80 :: 		
0x00DC	0x1283      	BCF        STATUS, 5
0x00DD	0x1303      	BCF        STATUS, 6
0x00DE	0x083E      	MOVF       FARG_memset_p1, 0
0x00DF	0x00F2      	MOVWF      R2
;__Lib_CString.c,81 :: 		
L_memset20:
0x00E0	0x0840      	MOVF       FARG_memset_n, 0
0x00E1	0x00F0      	MOVWF      R0
0x00E2	0x0841      	MOVF       FARG_memset_n+1, 0
0x00E3	0x00F1      	MOVWF      R0+1
0x00E4	0x3001      	MOVLW      1
0x00E5	0x02C0      	SUBWF      FARG_memset_n, 1
0x00E6	0x1C03      	BTFSS      STATUS, 0
0x00E7	0x03C1      	DECF       FARG_memset_n+1, 1
0x00E8	0x0870      	MOVF       R0, 0
0x00E9	0x0471      	IORWF      R0+1, 0
0x00EA	0x1903      	BTFSC      STATUS, 2
0x00EB	0x28F2      	GOTO       L_memset21
;__Lib_CString.c,82 :: 		
0x00EC	0x0872      	MOVF       R2, 0
0x00ED	0x0084      	MOVWF      FSR
0x00EE	0x083F      	MOVF       FARG_memset_character, 0
0x00EF	0x0080      	MOVWF      INDF
0x00F0	0x0AF2      	INCF       R2, 1
0x00F1	0x28E0      	GOTO       L_memset20
L_memset21:
;__Lib_CString.c,83 :: 		
0x00F2	0x083E      	MOVF       FARG_memset_p1, 0
0x00F3	0x00F0      	MOVWF      R0
;__Lib_CString.c,84 :: 		
L_end_memset:
0x00F4	0x0008      	RETURN
; end of _memset
_main:
0x00F5	0x1283      	BCF        STATUS, 5
0x00F6	0x1303      	BCF        STATUS, 6
0x00F7	0x01A2      	CLRF       _flag_inicio
;GSM_MAIN.c,37 :: 		void main() {
;GSM_MAIN.c,38 :: 		setup_28a();
0x00F8	0x207D      	CALL       _setup_28a
;GSM_MAIN.c,48 :: 		}
L_end_main:
0x00F9	0x28F9      	GOTO       $+0
; end of _main
Symbol List:
//** Routines locations **
//ADDRESS    SIZE    PROCEDURE
//----------------------------------------------
0x0004      [88]    _interrupt
0x005C      [10]    _UART1_Write
0x0066      [16]    _UART1_Init
0x0076       [7]    _____DoICP
0x007D      [21]    _setup_28a
0x0092      [12]    ___CC2DW
0x009E      [11]    _UART1_Read
0x00A9      [29]    _memchr
0x00C6      [22]    _UART1_Write_Text
0x00DC      [25]    _memset
0x00F5       [5]    _main
//** Variables locations ** 
//ADDRESS    SIZE    VARIABLE
//----------------------------------------------
0x0000       [1]    INDF
0x0002       [1]    PCL
0x0003       [1]    STATUS
0x0004       [1]    FSR
0x0005       [1]    PORTA
0x0006       [1]    PORTB
0x0006       [0]    RB5_bit
0x000A       [1]    PCLATH
0x000B       [0]    PEIE_bit
0x000B       [0]    GIE_bit
0x000C       [0]    RCIF_bit
0x000C       [1]    PIR1
0x0018       [1]    RCSTA
0x0019       [1]    TXREG
0x001A       [1]    RCREG
0x001F       [1]    CMCON
0x0022       [1]    _flag_inicio
0x0023       [1]    _dato
0x0024       [2]    ___DoICPAddr
0x0026      [20]    _buffer_uart
0x003A       [1]    _contador_de_caracteres
0x003B       [1]    _indice
0x003C       [1]    ___saveSTATUS
0x003D       [1]    ___savePCLATH
0x003E       [1]    FARG_UART1_Write_Text_uart_text
0x003E       [1]    FARG_memset_p1
0x003E       [1]    FARG_memchr_p
0x003F       [1]    FARG_memchr_n
0x003F       [1]    UART1_Write_Text_data__L0
0x003F       [1]    FARG_memset_character
0x0040       [2]    FARG_memset_n
0x0040       [1]    UART1_Write_Text_counter_L0
0x0040       [2]    FARG_memchr_v
0x0042       [1]    FARG_UART1_Write_data_
0x0070       [1]    R0
0x0071       [1]    R1
0x0072       [1]    R2
0x0073       [1]    R3
0x0074       [1]    R4
0x0075       [1]    R5
0x0076       [1]    R6
0x0077       [1]    R7
0x0078       [1]    R8
0x0079       [1]    R9
0x007A       [1]    R10
0x007B       [1]    R11
0x007C       [1]    R12
0x007D       [1]    R13
0x007E       [1]    R14
0x007F       [1]    R15
0x0085       [1]    TRISA
0x0086       [0]    TRISB1_bit
0x0086       [0]    TRISB2_bit
0x0086       [1]    TRISB
0x008C       [0]    RCIE_bit
0x0098       [1]    TXSTA
0x0099       [1]    SPBRG
